<?xml version="1.0" encoding="UTF-8"?>
<testng-results skipped="0" failed="1" total="1" passed="0">
  <reporter-output>
  </reporter-output>
  <suite name="Default suite" duration-ms="13062" started-at="2021-03-29T14:16:02Z" finished-at="2021-03-29T14:16:15Z">
    <groups>
    </groups>
    <test name="Default test" duration-ms="13062" started-at="2021-03-29T14:16:02Z" finished-at="2021-03-29T14:16:15Z">
      <class name="testng.SpiceJet">
        <test-method status="FAIL" signature="spicejet()[pri:0, instance:testng.SpiceJet@6a2bcfcb]" name="spicejet" duration-ms="13041" started-at="2021-03-29T19:46:02Z" finished-at="2021-03-29T19:46:15Z">
          <exception class="java.lang.AssertionError">
            <message>
              <![CDATA[expected [SpiceJet - Flight Booking for Domestic and International, Cheap Air Tickets] but found [SpiceJet - Flight Booking for Domestic and International, Cheap Air]]]>
            </message>
            <full-stacktrace>
              <![CDATA[java.lang.AssertionError: expected [SpiceJet - Flight Booking for Domestic and International, Cheap Air Tickets] but found [SpiceJet - Flight Booking for Domestic and International, Cheap Air]
	at org.testng.Assert.fail(Assert.java:94)
	at org.testng.Assert.failNotEquals(Assert.java:513)
	at org.testng.Assert.assertEqualsImpl(Assert.java:135)
	at org.testng.Assert.assertEquals(Assert.java:116)
	at org.testng.Assert.assertEquals(Assert.java:190)
	at org.testng.Assert.assertEquals(Assert.java:200)
	at testng.SpiceJet.spicejet(SpiceJet.java:21)
	at sun.reflect.NativeMethodAccessorImpl.invoke0(Native Method)
	at sun.reflect.NativeMethodAccessorImpl.invoke(NativeMethodAccessorImpl.java:62)
	at sun.reflect.DelegatingMethodAccessorImpl.invoke(DelegatingMethodAccessorImpl.java:43)
	at java.lang.reflect.Method.invoke(Method.java:498)
	at org.testng.internal.MethodInvocationHelper.invokeMethod(MethodInvocationHelper.java:86)
	at org.testng.internal.Invoker.invokeMethod(Invoker.java:646)
	at org.testng.internal.Invoker.invokeTestMethod(Invoker.java:823)
	at org.testng.internal.Invoker.invokeTestMethods(Invoker.java:1131)
	at org.testng.internal.TestMethodWorker.invokeTestMethods(TestMethodWorker.java:129)
	at org.testng.internal.TestMethodWorker.run(TestMethodWorker.java:112)
	at org.testng.TestRunner.privateRun(TestRunner.java:778)
	at org.testng.TestRunner.run(TestRunner.java:632)
	at org.testng.SuiteRunner.runTest(SuiteRunner.java:366)
	at org.testng.SuiteRunner.runSequentially(SuiteRunner.java:361)
	at org.testng.SuiteRunner.privateRun(SuiteRunner.java:319)
	at org.testng.SuiteRunner.run(SuiteRunner.java:268)
	at org.testng.SuiteRunnerWorker.runSuite(SuiteRunnerWorker.java:52)
	at org.testng.SuiteRunnerWorker.run(SuiteRunnerWorker.java:86)
	at org.testng.TestNG.runSuitesSequentially(TestNG.java:1225)
	at org.testng.TestNG.runSuitesLocally(TestNG.java:1150)
	at org.testng.TestNG.runSuites(TestNG.java:1075)
	at org.testng.TestNG.run(TestNG.java:1047)
	at org.testng.remote.AbstractRemoteTestNG.run(AbstractRemoteTestNG.java:126)
	at org.testng.remote.RemoteTestNG.initAndRun(RemoteTestNG.java:137)
	at org.testng.remote.RemoteTestNG.main(RemoteTestNG.java:58)
]]>
            </full-stacktrace>
          </exception> <!-- java.lang.AssertionError -->
          <reporter-output>
          </reporter-output>
        </test-method> <!-- spicejet -->
      </class> <!-- testng.SpiceJet -->
    </test> <!-- Default test -->
  </suite> <!-- Default suite -->
</testng-results>
